15:32:12.751 [main] INFO  testCases.TC_001_New_Accout_Registration - ***********Launched Webpage**********
15:32:13.061 [main] INFO  testCases.TC_001_New_Accout_Registration - *****Maximized webpage**********
15:32:13.111 [main] INFO  testCases.TC_001_New_Accout_Registration - ******Implicit wait applied******
15:32:13.233 [main] INFO  testCases.TC_001_New_Accout_Registration - ********clicking on my account********
15:34:16.333 [main] DEBUG io.netty.util.internal.logging.InternalLoggerFactory - Using Log4J2 as the default logging framework
15:34:16.387 [main] DEBUG io.netty.util.ResourceLeakDetector - -Dio.netty.leakDetection.level: simple
15:34:16.388 [main] DEBUG io.netty.util.ResourceLeakDetector - -Dio.netty.leakDetection.targetRecords: 4
15:34:16.401 [main] DEBUG io.netty.util.ResourceLeakDetectorFactory - Loaded default ResourceLeakDetector: io.netty.util.ResourceLeakDetector@27e32fe4
15:34:16.469 [main] DEBUG io.netty.util.internal.PlatformDependent0 - -Dio.netty.noUnsafe: false
15:34:16.470 [main] DEBUG io.netty.util.internal.PlatformDependent0 - Java version: 17
15:34:16.480 [main] DEBUG io.netty.util.internal.PlatformDependent0 - sun.misc.Unsafe.theUnsafe: available
15:34:16.486 [main] DEBUG io.netty.util.internal.PlatformDependent0 - sun.misc.Unsafe.copyMemory: available
15:34:16.491 [main] DEBUG io.netty.util.internal.PlatformDependent0 - sun.misc.Unsafe.storeFence: available
15:34:16.496 [main] DEBUG io.netty.util.internal.PlatformDependent0 - java.nio.Buffer.address: available
15:34:16.500 [main] DEBUG io.netty.util.internal.PlatformDependent0 - direct buffer constructor: unavailable: Reflective setAccessible(true) disabled
15:34:16.507 [main] DEBUG io.netty.util.internal.PlatformDependent0 - java.nio.Bits.unaligned: available, true
15:34:16.513 [main] DEBUG io.netty.util.internal.PlatformDependent0 - jdk.internal.misc.Unsafe.allocateUninitializedArray(int): unavailable: class io.netty.util.internal.PlatformDependent0$7 cannot access class jdk.internal.misc.Unsafe (in module java.base) because module java.base does not export jdk.internal.misc to unnamed module @73846619
15:34:16.528 [main] DEBUG io.netty.util.internal.PlatformDependent0 - java.nio.DirectByteBuffer.<init>(long, int): unavailable
15:34:16.529 [main] DEBUG io.netty.util.internal.PlatformDependent - sun.misc.Unsafe: available
15:34:16.533 [main] DEBUG io.netty.util.internal.PlatformDependent - maxDirectMemory: 1046478848 bytes (maybe)
15:34:16.542 [main] DEBUG io.netty.util.internal.PlatformDependent - -Dio.netty.tmpdir: C:\Users\ADMIN\AppData\Local\Temp (java.io.tmpdir)
15:34:16.543 [main] DEBUG io.netty.util.internal.PlatformDependent - -Dio.netty.bitMode: 64 (sun.arch.data.model)
15:34:16.550 [main] DEBUG io.netty.util.internal.PlatformDependent - Platform: Windows
15:34:16.554 [main] DEBUG io.netty.util.internal.PlatformDependent - -Dio.netty.maxDirectMemory: -1 bytes
15:34:16.554 [main] DEBUG io.netty.util.internal.PlatformDependent - -Dio.netty.uninitializedArrayAllocationThreshold: -1
15:34:16.569 [main] DEBUG io.netty.util.internal.CleanerJava9 - java.nio.ByteBuffer.cleaner(): available
15:34:16.570 [main] DEBUG io.netty.util.internal.PlatformDependent - -Dio.netty.noPreferDirect: false
15:34:16.599 [main] DEBUG io.netty.util.internal.PlatformDependent - org.jctools-core.MpscChunkedArrayQueue: available
15:34:16.667 [main] DEBUG io.netty.util.internal.InternalThreadLocalMap - -Dio.netty.threadLocalMap.stringBuilder.initialSize: 1024
15:34:16.668 [main] DEBUG io.netty.util.internal.InternalThreadLocalMap - -Dio.netty.threadLocalMap.stringBuilder.maxSize: 4096
15:34:17.182 [main] DEBUG io.netty.handler.ssl.JdkSslContext - Default protocols (JDK): [TLSv1.3, TLSv1.2] 
15:34:17.182 [main] DEBUG io.netty.handler.ssl.JdkSslContext - Default cipher suites (JDK): [TLS_ECDHE_ECDSA_WITH_AES_256_GCM_SHA384, TLS_ECDHE_ECDSA_WITH_AES_128_GCM_SHA256, TLS_ECDHE_RSA_WITH_AES_128_GCM_SHA256, TLS_ECDHE_RSA_WITH_AES_256_GCM_SHA384, TLS_ECDHE_RSA_WITH_AES_128_CBC_SHA, TLS_ECDHE_RSA_WITH_AES_256_CBC_SHA, TLS_RSA_WITH_AES_128_GCM_SHA256, TLS_RSA_WITH_AES_128_CBC_SHA, TLS_RSA_WITH_AES_256_CBC_SHA, TLS_AES_128_GCM_SHA256, TLS_AES_256_GCM_SHA384]
15:34:17.216 [main] DEBUG io.netty.util.concurrent.GlobalEventExecutor - -Dio.netty.globalEventExecutor.quietPeriodSeconds: 1
15:34:17.251 [main] DEBUG io.netty.channel.MultithreadEventLoopGroup - -Dio.netty.eventLoopThreads: 8
15:34:17.278 [main] DEBUG io.netty.channel.nio.NioEventLoop - -Dio.netty.noKeySetOptimization: false
15:34:17.278 [main] DEBUG io.netty.channel.nio.NioEventLoop - -Dio.netty.selectorAutoRebuildThreshold: 512
15:34:17.390 [main] DEBUG io.netty.buffer.PooledByteBufAllocator - -Dio.netty.allocator.numHeapArenas: 8
15:34:17.390 [main] DEBUG io.netty.buffer.PooledByteBufAllocator - -Dio.netty.allocator.numDirectArenas: 8
15:34:17.391 [main] DEBUG io.netty.buffer.PooledByteBufAllocator - -Dio.netty.allocator.pageSize: 8192
15:34:17.391 [main] DEBUG io.netty.buffer.PooledByteBufAllocator - -Dio.netty.allocator.maxOrder: 9
15:34:17.391 [main] DEBUG io.netty.buffer.PooledByteBufAllocator - -Dio.netty.allocator.chunkSize: 4194304
15:34:17.391 [main] DEBUG io.netty.buffer.PooledByteBufAllocator - -Dio.netty.allocator.smallCacheSize: 256
15:34:17.391 [main] DEBUG io.netty.buffer.PooledByteBufAllocator - -Dio.netty.allocator.normalCacheSize: 64
15:34:17.392 [main] DEBUG io.netty.buffer.PooledByteBufAllocator - -Dio.netty.allocator.maxCachedBufferCapacity: 32768
15:34:17.392 [main] DEBUG io.netty.buffer.PooledByteBufAllocator - -Dio.netty.allocator.cacheTrimInterval: 8192
15:34:17.392 [main] DEBUG io.netty.buffer.PooledByteBufAllocator - -Dio.netty.allocator.cacheTrimIntervalMillis: 0
15:34:17.393 [main] DEBUG io.netty.buffer.PooledByteBufAllocator - -Dio.netty.allocator.useCacheForAllThreads: false
15:34:17.393 [main] DEBUG io.netty.buffer.PooledByteBufAllocator - -Dio.netty.allocator.maxCachedByteBuffersPerChunk: 1023
15:34:17.412 [main] DEBUG io.netty.buffer.ByteBufUtil - -Dio.netty.allocator.type: pooled
15:34:17.412 [main] DEBUG io.netty.buffer.ByteBufUtil - -Dio.netty.threadLocalDirectBufferSize: 0
15:34:17.412 [main] DEBUG io.netty.buffer.ByteBufUtil - -Dio.netty.maxThreadLocalCharBufferSize: 16384
15:34:18.052 [Forwarding newSession on session null to remote] DEBUG io.netty.channel.DefaultChannelId - -Dio.netty.processId: 13348 (auto-detected)
15:34:18.058 [Forwarding newSession on session null to remote] DEBUG io.netty.util.NetUtil - -Djava.net.preferIPv4Stack: false
15:34:18.058 [Forwarding newSession on session null to remote] DEBUG io.netty.util.NetUtil - -Djava.net.preferIPv6Addresses: false
15:34:18.074 [Forwarding newSession on session null to remote] DEBUG io.netty.util.NetUtilInitializations - Loopback interface: lo (Software Loopback Interface 1, 127.0.0.1)
15:34:18.080 [Forwarding newSession on session null to remote] DEBUG io.netty.util.NetUtil - Failed to get SOMAXCONN from sysctl and file \proc\sys\net\core\somaxconn. Default: 200
15:34:18.119 [Forwarding newSession on session null to remote] DEBUG io.netty.channel.DefaultChannelId - -Dio.netty.machineId: f8:ca:b8:ff:fe:2a:05:71 (auto-detected)
15:34:18.220 [AsyncHttpClient-1-2] DEBUG io.netty.buffer.AbstractByteBuf - -Dio.netty.buffer.checkAccessible: true
15:34:18.221 [AsyncHttpClient-1-2] DEBUG io.netty.buffer.AbstractByteBuf - -Dio.netty.buffer.checkBounds: true
15:34:18.222 [AsyncHttpClient-1-2] DEBUG io.netty.util.ResourceLeakDetectorFactory - Loaded default ResourceLeakDetector: io.netty.util.ResourceLeakDetector@7fe2dd08
15:34:18.268 [AsyncHttpClient-1-2] DEBUG io.netty.util.Recycler - -Dio.netty.recycler.maxCapacityPerThread: 4096
15:34:18.268 [AsyncHttpClient-1-2] DEBUG io.netty.util.Recycler - -Dio.netty.recycler.ratio: 8
15:34:18.268 [AsyncHttpClient-1-2] DEBUG io.netty.util.Recycler - -Dio.netty.recycler.chunkSize: 32
15:34:18.269 [AsyncHttpClient-1-2] DEBUG io.netty.util.Recycler - -Dio.netty.recycler.blocking: false
15:34:18.269 [AsyncHttpClient-1-2] DEBUG io.netty.util.Recycler - -Dio.netty.recycler.batchFastThreadLocalOnly: true
15:34:21.758 [AsyncHttpClient-1-2] DEBUG io.netty.handler.codec.compression.Brotli - brotli4j not in the classpath; Brotli support will be unavailable.
15:34:22.257 [main] DEBUG io.netty.util.internal.ThreadLocalRandom - -Dio.netty.initialSeedUniquifier: 0xb7251728a758264d
15:34:24.791 [main] INFO  testCases.TC_001_New_Accout_Registration - ***********Launched Webpage**********
15:34:25.200 [main] INFO  testCases.TC_001_New_Accout_Registration - *****Maximized webpage**********
15:34:25.218 [main] INFO  testCases.TC_001_New_Accout_Registration - ******Implicit wait applied******
15:34:25.380 [main] DEBUG testCases.TC_001_New_Accout_Registration - ****Application logs*****
15:34:25.381 [main] INFO  testCases.TC_001_New_Accout_Registration - ********clicking on my account********
16:27:25.921 [main] INFO  testCases.TC_001_New_Accout_Registration - ***********Launched Webpage**********
16:27:26.088 [main] INFO  testCases.TC_001_New_Accout_Registration - *****Maximized webpage**********
16:27:26.122 [main] INFO  testCases.TC_001_New_Accout_Registration - ******Implicit wait applied******
16:27:26.315 [main] INFO  testCases.TC_001_New_Accout_Registration - ********clicking on my account********
17:31:48.695 [main] INFO  testCases.TC_001_New_Accout_Registration - ***********Launched Webpage**********
17:31:48.834 [main] INFO  testCases.TC_001_New_Accout_Registration - *****Maximized webpage**********
17:31:48.873 [main] INFO  testCases.TC_001_New_Accout_Registration - ******Implicit wait applied******
17:31:48.988 [main] INFO  testCases.TC_001_New_Accout_Registration - ********clicking on my account********
19:30:53.792 [main] INFO  testCases.TC_001_New_Accout_Registration - ***********Launched Webpage**********
19:30:54.066 [main] INFO  testCases.TC_001_New_Accout_Registration - *****Maximized webpage**********
19:30:54.128 [main] INFO  testCases.TC_001_New_Accout_Registration - ******Implicit wait applied******
19:30:54.632 [main] INFO  testCases.TC_001_New_Accout_Registration - ********clicking on my account********
19:31:01.939 [main] INFO  testCases.TC_001_New_Accout_Registration - ********Entering firstname********
19:31:02.219 [main] INFO  testCases.TC_001_New_Accout_Registration - ********Entering lastname********
19:31:02.348 [main] INFO  testCases.TC_001_New_Accout_Registration - ********Entering emailid********
19:31:02.497 [main] INFO  testCases.TC_001_New_Accout_Registration - ********Entering Password********
19:31:02.650 [main] INFO  testCases.TC_001_New_Accout_Registration - ********Entering confirm password********
19:31:02.783 [main] INFO  testCases.TC_001_New_Accout_Registration - ********Clicking on register********
19:38:29.542 [main] INFO  testCases.TC_001_New_Accout_Registration - ***********Launched Webpage**********
19:38:29.679 [main] INFO  testCases.TC_001_New_Accout_Registration - *****Maximized webpage**********
19:38:29.689 [main] INFO  testCases.TC_001_New_Accout_Registration - ******Implicit wait applied******
19:38:29.788 [main] INFO  testCases.TC_001_New_Accout_Registration - ********clicking on my account********
19:38:37.940 [main] INFO  testCases.TC_001_New_Accout_Registration - ********Entering firstname********
19:38:38.368 [main] INFO  testCases.TC_001_New_Accout_Registration - ********Entering lastname********
19:38:38.536 [main] INFO  testCases.TC_001_New_Accout_Registration - ********Entering emailid********
19:38:38.664 [main] INFO  testCases.TC_001_New_Accout_Registration - ********Entering Password********
19:38:38.785 [main] INFO  testCases.TC_001_New_Accout_Registration - ********Entering confirm password********
19:38:38.886 [main] INFO  testCases.TC_001_New_Accout_Registration - ********Clicking on register********
19:48:00.525 [main] INFO  testCases.TC_001_New_Accout_Registration - ***********Launched Webpage**********
19:48:00.661 [main] INFO  testCases.TC_001_New_Accout_Registration - *****Maximized webpage**********
19:48:00.674 [main] INFO  testCases.TC_001_New_Accout_Registration - ******Implicit wait applied******
19:48:00.770 [main] INFO  testCases.TC_001_New_Accout_Registration - ********clicking on my account********
19:48:07.673 [main] INFO  testCases.TC_001_New_Accout_Registration - ********Entering firstname********
19:48:07.970 [main] INFO  testCases.TC_001_New_Accout_Registration - ********Entering lastname********
19:48:08.156 [main] INFO  testCases.TC_001_New_Accout_Registration - ********Entering emailid********
19:48:08.280 [main] INFO  testCases.TC_001_New_Accout_Registration - ********Entering Password********
19:48:08.416 [main] INFO  testCases.TC_001_New_Accout_Registration - ********Entering confirm password********
19:48:08.522 [main] INFO  testCases.TC_001_New_Accout_Registration - ********Clicking on register********
19:55:27.492 [main] INFO  testCases.TC_001_New_Accout_Registration - ***********Launched Webpage**********
19:55:27.634 [main] INFO  testCases.TC_001_New_Accout_Registration - *****Maximized webpage**********
19:55:27.641 [main] INFO  testCases.TC_001_New_Accout_Registration - ******Implicit wait applied******
19:55:27.720 [main] INFO  testCases.TC_001_New_Accout_Registration - ********clicking on my account********
19:55:35.679 [main] INFO  testCases.TC_001_New_Accout_Registration - ********Entering firstname********
19:55:35.931 [main] INFO  testCases.TC_001_New_Accout_Registration - ********Entering lastname********
19:55:36.038 [main] INFO  testCases.TC_001_New_Accout_Registration - ********Entering emailid********
19:55:36.159 [main] INFO  testCases.TC_001_New_Accout_Registration - ********Entering Password********
19:55:36.290 [main] INFO  testCases.TC_001_New_Accout_Registration - ********Entering confirm password********
19:55:36.398 [main] INFO  testCases.TC_001_New_Accout_Registration - ********Clicking on register********
20:00:13.118 [main] INFO  testCases.TC_001_New_Accout_Registration - ***********Launched Webpage**********
20:00:13.253 [main] INFO  testCases.TC_001_New_Accout_Registration - *****Maximized webpage**********
20:00:13.260 [main] INFO  testCases.TC_001_New_Accout_Registration - ******Implicit wait applied******
20:00:13.344 [main] INFO  testCases.TC_001_New_Accout_Registration - ********clicking on my account********
20:00:23.114 [main] INFO  testCases.TC_001_New_Accout_Registration - ********Entering firstname********
20:00:23.312 [main] INFO  testCases.TC_001_New_Accout_Registration - ********Entering lastname********
20:00:23.442 [main] INFO  testCases.TC_001_New_Accout_Registration - ********Entering emailid********
20:00:23.586 [main] INFO  testCases.TC_001_New_Accout_Registration - ********Entering Password********
20:00:23.719 [main] INFO  testCases.TC_001_New_Accout_Registration - ********Entering confirm password********
20:00:23.832 [main] INFO  testCases.TC_001_New_Accout_Registration - ********Clicking on register********
20:01:31.476 [main] INFO  testCases.TC_001_New_Accout_Registration - ***********Launched Webpage**********
20:01:31.624 [main] INFO  testCases.TC_001_New_Accout_Registration - *****Maximized webpage**********
20:01:31.634 [main] INFO  testCases.TC_001_New_Accout_Registration - ******Implicit wait applied******
20:01:31.702 [main] INFO  testCases.TC_001_New_Accout_Registration - ********clicking on my account********
20:01:38.236 [main] INFO  testCases.TC_001_New_Accout_Registration - ********Entering firstname********
20:01:38.460 [main] INFO  testCases.TC_001_New_Accout_Registration - ********Entering lastname********
20:01:38.578 [main] INFO  testCases.TC_001_New_Accout_Registration - ********Entering emailid********
20:01:38.713 [main] INFO  testCases.TC_001_New_Accout_Registration - ********Entering Password********
20:01:38.842 [main] INFO  testCases.TC_001_New_Accout_Registration - ********Entering confirm password********
20:01:38.965 [main] INFO  testCases.TC_001_New_Accout_Registration - ********Clicking on register********
09:20:01.926 [main] INFO  testCases.TC_001_New_Accout_Registration - ***********Launched Webpage**********
09:20:02.180 [main] INFO  testCases.TC_001_New_Accout_Registration - *****Maximized webpage**********
09:20:02.194 [main] INFO  testCases.TC_001_New_Accout_Registration - ******Implicit wait applied******
09:20:02.288 [main] INFO  testCases.TC_001_New_Accout_Registration - ********clicking on my account********
09:20:08.956 [main] INFO  testCases.TC_001_New_Accout_Registration - ********Entering firstname********
09:20:09.138 [main] INFO  testCases.TC_001_New_Accout_Registration - ********Entering lastname********
09:20:09.259 [main] INFO  testCases.TC_001_New_Accout_Registration - ********Entering emailid********
09:20:09.398 [main] INFO  testCases.TC_001_New_Accout_Registration - ********Entering Password********
09:20:09.540 [main] INFO  testCases.TC_001_New_Accout_Registration - ********Entering confirm password********
09:20:09.652 [main] INFO  testCases.TC_001_New_Accout_Registration - ********Clicking on register********
11:01:17.438 [main] INFO  testCases.TC_001_New_Accout_Registration - ***********Launched Webpage**********
11:01:17.619 [main] INFO  testCases.TC_001_New_Accout_Registration - *****Maximized webpage**********
11:01:17.650 [main] INFO  testCases.TC_001_New_Accout_Registration - ******Implicit wait applied******
11:01:17.731 [main] INFO  testCases.TC_001_New_Accout_Registration - ********clicking on my account********
11:01:24.339 [main] INFO  testCases.TC_001_New_Accout_Registration - ********Entering firstname********
11:01:24.501 [main] INFO  testCases.TC_001_New_Accout_Registration - ********Entering lastname********
11:01:24.637 [main] INFO  testCases.TC_001_New_Accout_Registration - ********Entering emailid********
11:01:24.797 [main] INFO  testCases.TC_001_New_Accout_Registration - ********Entering Password********
11:01:24.927 [main] INFO  testCases.TC_001_New_Accout_Registration - ********Entering confirm password********
11:01:25.036 [main] INFO  testCases.TC_001_New_Accout_Registration - ********Clicking on register********
11:17:06.405 [main] INFO  testCases.TC_001_New_Accout_Registration - ***********Launched Webpage**********
11:17:06.545 [main] INFO  testCases.TC_001_New_Accout_Registration - *****Maximized webpage**********
11:17:06.561 [main] INFO  testCases.TC_001_New_Accout_Registration - ******Implicit wait applied******
11:17:06.681 [main] INFO  testCases.TC_001_New_Accout_Registration - ********clicking on my account********
11:17:13.204 [main] INFO  testCases.TC_001_New_Accout_Registration - ********Entering firstname********
11:17:13.346 [main] INFO  testCases.TC_001_New_Accout_Registration - ********Entering lastname********
11:17:13.463 [main] INFO  testCases.TC_001_New_Accout_Registration - ********Entering emailid********
11:17:13.583 [main] INFO  testCases.TC_001_New_Accout_Registration - ********Entering Password********
11:17:13.706 [main] INFO  testCases.TC_001_New_Accout_Registration - ********Entering confirm password********
11:17:13.798 [main] INFO  testCases.TC_001_New_Accout_Registration - ********Clicking on register********
11:19:11.061 [main] INFO  testCases.TC_001_New_Accout_Registration - ***********Launched Webpage**********
11:19:11.203 [main] INFO  testCases.TC_001_New_Accout_Registration - *****Maximized webpage**********
11:19:11.216 [main] INFO  testCases.TC_001_New_Accout_Registration - ******Implicit wait applied******
11:19:11.341 [main] INFO  testCases.TC_001_New_Accout_Registration - ********clicking on my account********
11:19:17.693 [main] INFO  testCases.TC_001_New_Accout_Registration - ********Entering firstname********
11:19:17.854 [main] INFO  testCases.TC_001_New_Accout_Registration - ********Entering lastname********
11:19:17.968 [main] INFO  testCases.TC_001_New_Accout_Registration - ********Entering emailid********
11:19:18.108 [main] INFO  testCases.TC_001_New_Accout_Registration - ********Entering Password********
11:19:18.246 [main] INFO  testCases.TC_001_New_Accout_Registration - ********Entering confirm password********
11:19:18.364 [main] INFO  testCases.TC_001_New_Accout_Registration - ********Clicking on register********
11:20:01.808 [main] INFO  testCases.TC_001_New_Accout_Registration - ***********Launched Webpage**********
11:20:01.955 [main] INFO  testCases.TC_001_New_Accout_Registration - *****Maximized webpage**********
11:20:01.974 [main] INFO  testCases.TC_001_New_Accout_Registration - ******Implicit wait applied******
11:20:02.078 [main] INFO  testCases.TC_001_New_Accout_Registration - ********clicking on my account********
11:20:08.688 [main] INFO  testCases.TC_001_New_Accout_Registration - ********Entering firstname********
11:20:08.846 [main] INFO  testCases.TC_001_New_Accout_Registration - ********Entering lastname********
11:20:08.956 [main] INFO  testCases.TC_001_New_Accout_Registration - ********Entering emailid********
11:20:09.086 [main] INFO  testCases.TC_001_New_Accout_Registration - ********Entering Password********
11:20:09.236 [main] INFO  testCases.TC_001_New_Accout_Registration - ********Entering confirm password********
11:20:09.337 [main] INFO  testCases.TC_001_New_Accout_Registration - ********Clicking on register********
11:27:06.197 [main] INFO  testCases.TC_001_New_Accout_Registration - ***********Launched Webpage**********
11:27:06.339 [main] INFO  testCases.TC_001_New_Accout_Registration - *****Maximized webpage**********
11:27:06.347 [main] INFO  testCases.TC_001_New_Accout_Registration - ******Implicit wait applied******
11:27:06.509 [main] INFO  testCases.TC_001_New_Accout_Registration - ********clicking on my account********
11:27:13.394 [main] INFO  testCases.TC_001_New_Accout_Registration - ********Entering firstname********
11:27:13.544 [main] INFO  testCases.TC_001_New_Accout_Registration - ********Entering lastname********
11:27:13.655 [main] INFO  testCases.TC_001_New_Accout_Registration - ********Entering emailid********
11:27:13.789 [main] INFO  testCases.TC_001_New_Accout_Registration - ********Entering Password********
11:27:13.923 [main] INFO  testCases.TC_001_New_Accout_Registration - ********Entering confirm password********
11:27:14.023 [main] INFO  testCases.TC_001_New_Accout_Registration - ********Clicking on register********
11:46:44.283 [main] INFO  testCases.TC_001_New_Accout_Registration - ***********Launched Webpage**********
11:46:44.420 [main] INFO  testCases.TC_001_New_Accout_Registration - *****Maximized webpage**********
11:46:44.439 [main] INFO  testCases.TC_001_New_Accout_Registration - ******Implicit wait applied******
11:46:44.534 [main] INFO  testCases.TC_001_New_Accout_Registration - ********clicking on my account********
11:46:51.087 [main] INFO  testCases.TC_001_New_Accout_Registration - ********Entering firstname********
11:46:51.263 [main] INFO  testCases.TC_001_New_Accout_Registration - ********Entering lastname********
11:46:51.385 [main] INFO  testCases.TC_001_New_Accout_Registration - ********Entering emailid********
11:46:51.507 [main] INFO  testCases.TC_001_New_Accout_Registration - ********Entering Password********
11:46:51.689 [main] INFO  testCases.TC_001_New_Accout_Registration - ********Entering confirm password********
11:46:51.807 [main] INFO  testCases.TC_001_New_Accout_Registration - ********Clicking on register********
11:50:04.834 [main] INFO  testCases.TC_001_New_Accout_Registration - ***********Launched Webpage**********
11:50:05.035 [main] INFO  testCases.TC_001_New_Accout_Registration - *****Maximized webpage**********
11:50:05.056 [main] INFO  testCases.TC_001_New_Accout_Registration - ******Implicit wait applied******
11:50:05.187 [main] INFO  testCases.TC_001_New_Accout_Registration - ********clicking on my account********
11:50:14.819 [main] INFO  testCases.TC_001_New_Accout_Registration - ********Entering firstname********
11:50:14.998 [main] INFO  testCases.TC_001_New_Accout_Registration - ********Entering lastname********
11:50:15.124 [main] INFO  testCases.TC_001_New_Accout_Registration - ********Entering emailid********
11:50:15.250 [main] INFO  testCases.TC_001_New_Accout_Registration - ********Entering Password********
11:50:15.384 [main] INFO  testCases.TC_001_New_Accout_Registration - ********Entering confirm password********
11:50:15.486 [main] INFO  testCases.TC_001_New_Accout_Registration - ********Clicking on register********
12:18:52.247 [main] INFO  testCases.TC_001_New_Accout_Registration - ***********Launched Webpage**********
12:18:52.398 [main] INFO  testCases.TC_001_New_Accout_Registration - *****Maximized webpage**********
12:18:52.405 [main] INFO  testCases.TC_001_New_Accout_Registration - ******Implicit wait applied******
12:18:52.503 [main] INFO  testCases.TC_001_New_Accout_Registration - ********clicking on my account********
12:18:59.143 [main] INFO  testCases.TC_001_New_Accout_Registration - ********Entering firstname********
12:18:59.277 [main] INFO  testCases.TC_001_New_Accout_Registration - ********Entering lastname********
12:18:59.411 [main] INFO  testCases.TC_001_New_Accout_Registration - ********Entering emailid********
12:18:59.534 [main] INFO  testCases.TC_001_New_Accout_Registration - ********Entering Password********
12:18:59.680 [main] INFO  testCases.TC_001_New_Accout_Registration - ********Entering confirm password********
12:18:59.832 [main] INFO  testCases.TC_001_New_Accout_Registration - ********Clicking on register********
12:23:26.369 [main] INFO  testCases.TC_001_New_Accout_Registration - ***********Launched Webpage**********
12:23:26.522 [main] INFO  testCases.TC_001_New_Accout_Registration - *****Maximized webpage**********
12:23:26.552 [main] INFO  testCases.TC_001_New_Accout_Registration - ******Implicit wait applied******
12:23:26.661 [main] INFO  testCases.TC_001_New_Accout_Registration - ********clicking on my account********
12:23:33.659 [main] INFO  testCases.TC_001_New_Accout_Registration - ********Entering firstname********
12:23:33.836 [main] INFO  testCases.TC_001_New_Accout_Registration - ********Entering lastname********
12:23:33.979 [main] INFO  testCases.TC_001_New_Accout_Registration - ********Entering emailid********
12:23:34.140 [main] INFO  testCases.TC_001_New_Accout_Registration - ********Entering Password********
12:23:34.293 [main] INFO  testCases.TC_001_New_Accout_Registration - ********Entering confirm password********
12:23:34.399 [main] INFO  testCases.TC_001_New_Accout_Registration - ********Clicking on register********
12:30:12.798 [main] INFO  testCases.TC_001_New_Accout_Registration - ***********Launched Webpage**********
12:30:31.769 [main] INFO  testCases.TC_001_New_Accout_Registration - ***********Launched Webpage**********
12:30:31.933 [main] INFO  testCases.TC_001_New_Accout_Registration - *****Maximized webpage**********
12:30:31.956 [main] INFO  testCases.TC_001_New_Accout_Registration - ******Implicit wait applied******
12:30:32.132 [main] INFO  testCases.TC_001_New_Accout_Registration - ********clicking on my account********
12:30:38.882 [main] INFO  testCases.TC_001_New_Accout_Registration - ********Entering firstname********
12:30:39.080 [main] INFO  testCases.TC_001_New_Accout_Registration - ********Entering lastname********
12:30:39.198 [main] INFO  testCases.TC_001_New_Accout_Registration - ********Entering emailid********
12:30:39.331 [main] INFO  testCases.TC_001_New_Accout_Registration - ********Entering Password********
12:30:39.457 [main] INFO  testCases.TC_001_New_Accout_Registration - ********Entering confirm password********
12:30:39.556 [main] INFO  testCases.TC_001_New_Accout_Registration - ********Clicking on register********
15:06:46.975 [main] INFO  testCases.TC_001_New_Accout_Registration - ***********Launched Webpage**********
15:06:47.273 [main] INFO  testCases.TC_001_New_Accout_Registration - *****Maximized webpage**********
15:06:47.294 [main] INFO  testCases.TC_001_New_Accout_Registration - ******Implicit wait applied******
15:06:47.398 [main] INFO  testCases.TC_001_New_Accout_Registration - ********clicking on my account********
15:07:00.196 [main] INFO  testCases.TC_001_New_Accout_Registration - ********Entering firstname********
15:07:00.383 [main] INFO  testCases.TC_001_New_Accout_Registration - ********Entering lastname********
15:07:00.509 [main] INFO  testCases.TC_001_New_Accout_Registration - ********Entering emailid********
15:07:00.676 [main] INFO  testCases.TC_001_New_Accout_Registration - ********Entering Password********
15:07:00.835 [main] INFO  testCases.TC_001_New_Accout_Registration - ********Entering confirm password********
15:07:00.969 [main] INFO  testCases.TC_001_New_Accout_Registration - ********Clicking on register********
15:08:59.733 [main] INFO  testCases.TC_001_New_Accout_Registration - ***********Launched Webpage**********
15:09:01.089 [main] INFO  testCases.TC_001_New_Accout_Registration - *****Maximized webpage**********
15:09:01.294 [main] INFO  testCases.TC_001_New_Accout_Registration - ******Implicit wait applied******
15:09:02.625 [main] INFO  testCases.TC_001_New_Accout_Registration - ********clicking on my account********
15:09:16.359 [main] INFO  testCases.TC_001_New_Accout_Registration - ********Entering firstname********
15:09:16.679 [main] INFO  testCases.TC_001_New_Accout_Registration - ********Entering lastname********
15:09:16.955 [main] INFO  testCases.TC_001_New_Accout_Registration - ********Entering emailid********
15:09:17.237 [main] INFO  testCases.TC_001_New_Accout_Registration - ********Entering Password********
15:09:17.528 [main] INFO  testCases.TC_001_New_Accout_Registration - ********Entering confirm password********
15:09:17.775 [main] INFO  testCases.TC_001_New_Accout_Registration - ********Clicking on register********
15:24:44.556 [main] INFO  testCases.TC_001_New_Accout_Registration - ***********Launched Webpage**********
15:24:44.893 [main] INFO  testCases.TC_001_New_Accout_Registration - *****Maximized webpage**********
15:24:44.921 [main] INFO  testCases.TC_001_New_Accout_Registration - ******Implicit wait applied******
15:24:45.130 [main] INFO  testCases.TC_001_New_Accout_Registration - ********clicking on my account********
15:24:52.287 [main] INFO  testCases.TC_001_New_Accout_Registration - ********Entering firstname********
15:24:52.562 [main] INFO  testCases.TC_001_New_Accout_Registration - ********Entering lastname********
15:24:52.700 [main] INFO  testCases.TC_001_New_Accout_Registration - ********Entering emailid********
15:24:52.857 [main] INFO  testCases.TC_001_New_Accout_Registration - ********Entering Password********
15:24:53.118 [main] INFO  testCases.TC_001_New_Accout_Registration - ********Entering confirm password********
15:24:53.277 [main] INFO  testCases.TC_001_New_Accout_Registration - ********Clicking on register********
15:35:54.875 [main] INFO  testCases.TC_001_New_Accout_Registration - ***********Launched Webpage**********
15:35:55.207 [main] INFO  testCases.TC_001_New_Accout_Registration - *****Maximized webpage**********
15:35:55.224 [main] INFO  testCases.TC_001_New_Accout_Registration - ******Implicit wait applied******
15:35:55.383 [main] INFO  testCases.TC_001_New_Accout_Registration - ********clicking on my account********
15:36:02.414 [main] INFO  testCases.TC_001_New_Accout_Registration - ********Entering firstname********
15:36:02.655 [main] INFO  testCases.TC_001_New_Accout_Registration - ********Entering lastname********
15:36:02.852 [main] INFO  testCases.TC_001_New_Accout_Registration - ********Entering emailid********
15:36:03.000 [main] INFO  testCases.TC_001_New_Accout_Registration - ********Entering Password********
15:36:03.167 [main] INFO  testCases.TC_001_New_Accout_Registration - ********Entering confirm password********
15:36:03.300 [main] INFO  testCases.TC_001_New_Accout_Registration - ********Clicking on register********
15:40:38.988 [main] INFO  testCases.TC_001_New_Accout_Registration - ***********Launched Webpage**********
15:40:39.253 [main] INFO  testCases.TC_001_New_Accout_Registration - *****Maximized webpage**********
15:40:39.285 [main] INFO  testCases.TC_001_New_Accout_Registration - ******Implicit wait applied******
15:40:39.363 [main] INFO  testCases.TC_001_New_Accout_Registration - ********clicking on my account********
15:40:46.035 [main] INFO  testCases.TC_001_New_Accout_Registration - ********Entering firstname********
15:40:46.350 [main] INFO  testCases.TC_001_New_Accout_Registration - ********Entering lastname********
15:40:46.473 [main] INFO  testCases.TC_001_New_Accout_Registration - ********Entering emailid********
15:40:46.645 [main] INFO  testCases.TC_001_New_Accout_Registration - ********Entering Password********
15:40:46.793 [main] INFO  testCases.TC_001_New_Accout_Registration - ********Entering confirm password********
15:40:46.931 [main] INFO  testCases.TC_001_New_Accout_Registration - ********Clicking on register********
